<?xml version="1.0" encoding="UTF-8" ?>
<testsuite 
errors="0" failures="0" hostname="ubuntu-181-mesos-slave" name="org.scalatest.tools.DiscoverySuite" tests="0" time="0.061" timestamp="2016-04-24T09:08:28">
  <properties>
    <property name="java.runtime.name" value="OpenJDK Runtime Environment">
    </property>
    <property 
    name="sun.boot.library.path" value="/usr/lib/jvm/java-7-openjdk-amd64/jre/lib/amd64">
</property>
    <property name="java.vm.version" value="24.51-b03"> </property>
    <property name="java.vm.vendor" value="Oracle Corporation"> </property>
    <property name="java.vendor.url" value="http://java.oracle.com/">
    </property>
    <property name="path.separator" value=":"> </property>
    <property name="java.vm.name" value="OpenJDK 64-Bit Server VM"> </property>
    <property name="file.encoding.pkg" value="sun.io"> </property>
    <property name="user.country" value="US"> </property>
    <property name="sun.java.launcher" value="SUN_STANDARD"> </property>
    <property name="sun.os.patch.level" value="unknown"> </property>
    <property 
    name="java.vm.specification.name" value="Java Virtual Machine Specification">
</property>
    <property name="user.dir" value="/root/spark/baulindivd"> </property>
    <property name="java.runtime.version" value="1.7.0_55-b14"> </property>
    <property name="spark.ui.enabled" value="false"> </property>
    <property 
    name="java.awt.graphicsenv" value="sun.awt.X11GraphicsEnvironment">
</property>
    <property name="basedir" value="/root/spark/baulindivd"> </property>
    <property 
    name="java.endorsed.dirs" value="/usr/lib/jvm/java-7-openjdk-amd64/jre/lib/endorsed">
</property>
    <property name="os.arch" value="amd64"> </property>
    <property name="java.io.tmpdir" value="/root/spark/baulindivd/target/tmp">
    </property>
    <property name="derby.system.durability" value="test"> </property>
    <property name="line.separator" value=" "> </property>
    <property name="java.vm.specification.vendor" value="Oracle Corporation">
    </property>
    <property name="os.name" value="Linux"> </property>
    <property name="sun.jnu.encoding" value="UTF-8"> </property>
    <property name="spark.ui.showConsoleProgress" value="false"> </property>
    <property 
    name="java.library.path" value="/usr/java/packages/lib/amd64:/usr/lib/x86_64-linux-gnu/jni:/lib/x86_64-linux-gnu:/usr/lib/x86_64-linux-gnu:/usr/lib/jni:/lib:/usr/lib">
</property>
    <property 
    name="java.specification.name" value="Java Platform API Specification">
</property>
    <property name="java.class.version" value="51.0"> </property>
    <property 
    name="sun.management.compiler" value="HotSpot 64-Bit Tiered Compilers">
</property>
    <property name="os.version" value="3.13.0-24-generic"> </property>
    <property name="user.home" value="/root"> </property>
    <property name="user.timezone" value=""> </property>
    <property name="java.awt.printerjob" value="sun.print.PSPrinterJob">
    </property>
    <property name="java.specification.version" value="1.7"> </property>
    <property name="file.encoding" value="UTF-8"> </property>
    <property name="spark.testing" value="1"> </property>
    <property name="user.name" value="root"> </property>
    <property 
    name="java.class.path" value="/root/spark/baulindivd/target/scala-2.10/test-classes:/root/spark/baulindivd/target/scala-2.10/classes:/root/.m2/repository/org/apache/spark/spark-core_2.10/1.6.2-SNAPSHOT/spark-core_2.10-1.6.2-SNAPSHOT.jar:/root/.m2/repository/org/apache/avro/avro-mapred/1.7.7/avro-mapred-1.7.7-hadoop2.jar:/root/.m2/repository/org/apache/avro/avro-ipc/1.7.7/avro-ipc-1.7.7.jar:/root/.m2/repository/org/apache/avro/avro/1.7.7/avro-1.7.7.jar:/root/.m2/repository/org/apache/avro/avro-ipc/1.7.7/avro-ipc-1.7.7-tests.jar:/root/.m2/repository/org/codehaus/jackson/jackson-core-asl/1.9.13/jackson-core-asl-1.9.13.jar:/root/.m2/repository/org/codehaus/jackson/jackson-mapper-asl/1.9.13/jackson-mapper-asl-1.9.13.jar:/root/.m2/repository/com/twitter/chill_2.10/0.5.0/chill_2.10-0.5.0.jar:/root/.m2/repository/com/esotericsoftware/kryo/kryo/2.21/kryo-2.21.jar:/root/.m2/repository/com/esotericsoftware/reflectasm/reflectasm/1.07/reflectasm-1.07-shaded.jar:/root/.m2/repository/com/esotericsoftware/minlog/minlog/1.2/minlog-1.2.jar:/root/.m2/repository/org/objenesis/objenesis/1.2/objenesis-1.2.jar:/root/.m2/repository/com/twitter/chill-java/0.5.0/chill-java-0.5.0.jar:/root/.m2/repository/org/apache/xbean/xbean-asm5-shaded/4.4/xbean-asm5-shaded-4.4.jar:/root/.m2/repository/org/apache/hadoop/hadoop-client/2.2.0/hadoop-client-2.2.0.jar:/root/.m2/repository/org/apache/hadoop/hadoop-common/2.2.0/hadoop-common-2.2.0.jar:/root/.m2/repository/commons-cli/commons-cli/1.2/commons-cli-1.2.jar:/root/.m2/repository/org/apache/commons/commons-math/2.1/commons-math-2.1.jar:/root/.m2/repository/xmlenc/xmlenc/0.52/xmlenc-0.52.jar:/root/.m2/repository/commons-configuration/commons-configuration/1.6/commons-configuration-1.6.jar:/root/.m2/repository/commons-collections/commons-collections/3.2.2/commons-collections-3.2.2.jar:/root/.m2/repository/commons-digester/commons-digester/1.8/commons-digester-1.8.jar:/root/.m2/repository/commons-beanutils/commons-beanutils/1.7.0/commons-beanutils-1.7.0.jar:/root/.m2/repository/commons-beanutils/commons-beanutils-core/1.8.0/commons-beanutils-core-1.8.0.jar:/root/.m2/repository/org/apache/hadoop/hadoop-auth/2.2.0/hadoop-auth-2.2.0.jar:/root/.m2/repository/org/apache/commons/commons-compress/1.4.1/commons-compress-1.4.1.jar:/root/.m2/repository/org/tukaani/xz/1.0/xz-1.0.jar:/root/.m2/repository/org/apache/hadoop/hadoop-hdfs/2.2.0/hadoop-hdfs-2.2.0.jar:/root/.m2/repository/org/mortbay/jetty/jetty-util/6.1.26/jetty-util-6.1.26.jar:/root/.m2/repository/org/apache/hadoop/hadoop-mapreduce-client-app/2.2.0/hadoop-mapreduce-client-app-2.2.0.jar:/root/.m2/repository/org/apache/hadoop/hadoop-mapreduce-client-common/2.2.0/hadoop-mapreduce-client-common-2.2.0.jar:/root/.m2/repository/org/apache/hadoop/hadoop-yarn-client/2.2.0/hadoop-yarn-client-2.2.0.jar:/root/.m2/repository/com/google/inject/guice/3.0/guice-3.0.jar:/root/.m2/repository/javax/inject/javax.inject/1/javax.inject-1.jar:/root/.m2/repository/aopalliance/aopalliance/1.0/aopalliance-1.0.jar:/root/.m2/repository/com/sun/jersey/jersey-test-framework/jersey-test-framework-grizzly2/1.9/jersey-test-framework-grizzly2-1.9.jar:/root/.m2/repository/com/sun/jersey/jersey-test-framework/jersey-test-framework-core/1.9/jersey-test-framework-core-1.9.jar:/root/.m2/repository/javax/servlet/javax.servlet-api/3.0.1/javax.servlet-api-3.0.1.jar:/root/.m2/repository/com/sun/jersey/jersey-client/1.9/jersey-client-1.9.jar:/root/.m2/repository/com/sun/jersey/jersey-grizzly2/1.9/jersey-grizzly2-1.9.jar:/root/.m2/repository/org/glassfish/grizzly/grizzly-http/2.1.2/grizzly-http-2.1.2.jar:/root/.m2/repository/org/glassfish/grizzly/grizzly-framework/2.1.2/grizzly-framework-2.1.2.jar:/root/.m2/repository/org/glassfish/gmbal/gmbal-api-only/3.0.0-b023/gmbal-api-only-3.0.0-b023.jar:/root/.m2/repository/org/glassfish/external/management-api/3.0.0-b012/management-api-3.0.0-b012.jar:/root/.m2/repository/org/glassfish/grizzly/grizzly-http-server/2.1.2/grizzly-http-server-2.1.2.jar:/root/.m2/repository/org/glassfish/grizzly/grizzly-rcm/2.1.2/grizzly-rcm-2.1.2.jar:/root/.m2/repository/org/glassfish/grizzly/grizzly-http-servlet/2.1.2/grizzly-http-servlet-2.1.2.jar:/root/.m2/repository/org/glassfish/javax.servlet/3.1/javax.servlet-3.1.jar:/root/.m2/repository/com/sun/jersey/jersey-json/1.9/jersey-json-1.9.jar:/root/.m2/repository/org/codehaus/jettison/jettison/1.1/jettison-1.1.jar:/root/.m2/repository/com/sun/xml/bind/jaxb-impl/2.2.3-1/jaxb-impl-2.2.3-1.jar:/root/.m2/repository/javax/xml/bind/jaxb-api/2.2.2/jaxb-api-2.2.2.jar:/root/.m2/repository/javax/activation/activation/1.1/activation-1.1.jar:/root/.m2/repository/org/codehaus/jackson/jackson-jaxrs/1.9.13/jackson-jaxrs-1.9.13.jar:/root/.m2/repository/org/codehaus/jackson/jackson-xc/1.9.13/jackson-xc-1.9.13.jar:/root/.m2/repository/com/sun/jersey/contribs/jersey-guice/1.9/jersey-guice-1.9.jar:/root/.m2/repository/org/apache/hadoop/hadoop-yarn-server-common/2.2.0/hadoop-yarn-server-common-2.2.0.jar:/root/.m2/repository/org/apache/hadoop/hadoop-mapreduce-client-shuffle/2.2.0/hadoop-mapreduce-client-shuffle-2.2.0.jar:/root/.m2/repository/org/apache/hadoop/hadoop-yarn-api/2.2.0/hadoop-yarn-api-2.2.0.jar:/root/.m2/repository/org/apache/hadoop/hadoop-mapreduce-client-core/2.2.0/hadoop-mapreduce-client-core-2.2.0.jar:/root/.m2/repository/org/apache/hadoop/hadoop-yarn-common/2.2.0/hadoop-yarn-common-2.2.0.jar:/root/.m2/repository/org/apache/hadoop/hadoop-mapreduce-client-jobclient/2.2.0/hadoop-mapreduce-client-jobclient-2.2.0.jar:/root/.m2/repository/org/apache/hadoop/hadoop-annotations/2.2.0/hadoop-annotations-2.2.0.jar:/root/.m2/repository/org/apache/spark/spark-launcher_2.10/1.6.2-SNAPSHOT/spark-launcher_2.10-1.6.2-SNAPSHOT.jar:/root/.m2/repository/org/apache/spark/spark-network-common_2.10/1.6.2-SNAPSHOT/spark-network-common_2.10-1.6.2-SNAPSHOT.jar:/root/.m2/repository/org/apache/spark/spark-network-shuffle_2.10/1.6.2-SNAPSHOT/spark-network-shuffle_2.10-1.6.2-SNAPSHOT.jar:/root/.m2/repository/org/fusesource/leveldbjni/leveldbjni-all/1.8/leveldbjni-all-1.8.jar:/root/.m2/repository/com/fasterxml/jackson/core/jackson-annotations/2.4.4/jackson-annotations-2.4.4.jar:/root/.m2/repository/org/apache/spark/spark-unsafe_2.10/1.6.2-SNAPSHOT/spark-unsafe_2.10-1.6.2-SNAPSHOT.jar:/root/.m2/repository/net/java/dev/jets3t/jets3t/0.7.1/jets3t-0.7.1.jar:/root/.m2/repository/commons-codec/commons-codec/1.10/commons-codec-1.10.jar:/root/.m2/repository/commons-httpclient/commons-httpclient/3.1/commons-httpclient-3.1.jar:/root/.m2/repository/org/apache/curator/curator-recipes/2.4.0/curator-recipes-2.4.0.jar:/root/.m2/repository/org/apache/curator/curator-framework/2.4.0/curator-framework-2.4.0.jar:/root/.m2/repository/org/apache/curator/curator-client/2.4.0/curator-client-2.4.0.jar:/root/.m2/repository/org/apache/zookeeper/zookeeper/3.4.5/zookeeper-3.4.5.jar:/root/.m2/repository/jline/jline/0.9.94/jline-0.9.94.jar:/root/.m2/repository/com/google/guava/guava/14.0.1/guava-14.0.1.jar:/root/.m2/repository/org/eclipse/jetty/orbit/javax.servlet/3.0.0.v201112011016/javax.servlet-3.0.0.v201112011016.jar:/root/.m2/repository/org/apache/commons/commons-lang3/3.3.2/commons-lang3-3.3.2.jar:/root/.m2/repository/org/apache/commons/commons-math3/3.4.1/commons-math3-3.4.1.jar:/root/.m2/repository/com/google/code/findbugs/jsr305/1.3.9/jsr305-1.3.9.jar:/root/.m2/repository/org/slf4j/slf4j-api/1.7.10/slf4j-api-1.7.10.jar:/root/.m2/repository/org/slf4j/jul-to-slf4j/1.7.10/jul-to-slf4j-1.7.10.jar:/root/.m2/repository/org/slf4j/jcl-over-slf4j/1.7.10/jcl-over-slf4j-1.7.10.jar:/root/.m2/repository/log4j/log4j/1.2.17/log4j-1.2.17.jar:/root/.m2/repository/org/slf4j/slf4j-log4j12/1.7.10/slf4j-log4j12-1.7.10.jar:/root/.m2/repository/com/ning/compress-lzf/1.0.3/compress-lzf-1.0.3.jar:/root/.m2/repository/org/xerial/snappy/snappy-java/1.1.2/snappy-java-1.1.2.jar:/root/.m2/repository/net/jpountz/lz4/lz4/1.3.0/lz4-1.3.0.jar:/root/.m2/repository/org/roaringbitmap/RoaringBitmap/0.5.11/RoaringBitmap-0.5.11.jar:/root/.m2/repository/commons-net/commons-net/2.2/commons-net-2.2.jar:/root/.m2/repository/com/typesafe/akka/akka-remote_2.10/2.3.11/akka-remote_2.10-2.3.11.jar:/root/.m2/repository/com/typesafe/akka/akka-actor_2.10/2.3.11/akka-actor_2.10-2.3.11.jar:/root/.m2/repository/com/typesafe/config/1.2.1/config-1.2.1.jar:/root/.m2/repository/io/netty/netty/3.8.0.Final/netty-3.8.0.Final.jar:/root/.m2/repository/com/google/protobuf/protobuf-java/2.5.0/protobuf-java-2.5.0.jar:/root/.m2/repository/org/uncommons/maths/uncommons-maths/1.2.2a/uncommons-maths-1.2.2a.jar:/root/.m2/repository/com/typesafe/akka/akka-slf4j_2.10/2.3.11/akka-slf4j_2.10-2.3.11.jar:/root/.m2/repository/org/json4s/json4s-jackson_2.10/3.2.10/json4s-jackson_2.10-3.2.10.jar:/root/.m2/repository/org/json4s/json4s-core_2.10/3.2.10/json4s-core_2.10-3.2.10.jar:/root/.m2/repository/org/json4s/json4s-ast_2.10/3.2.10/json4s-ast_2.10-3.2.10.jar:/root/.m2/repository/org/scala-lang/scalap/2.10.5/scalap-2.10.5.jar:/root/.m2/repository/org/scala-lang/scala-compiler/2.10.5/scala-compiler-2.10.5.jar:/root/.m2/repository/com/sun/jersey/jersey-server/1.9/jersey-server-1.9.jar:/root/.m2/repository/asm/asm/3.1/asm-3.1.jar:/root/.m2/repository/com/sun/jersey/jersey-core/1.9/jersey-core-1.9.jar:/root/.m2/repository/org/apache/mesos/mesos/0.21.1/mesos-0.21.1-shaded-protobuf.jar:/root/.m2/repository/io/netty/netty-all/4.0.29.Final/netty-all-4.0.29.Final.jar:/root/.m2/repository/com/clearspring/analytics/stream/2.7.0/stream-2.7.0.jar:/root/.m2/repository/io/dropwizard/metrics/metrics-core/3.1.2/metrics-core-3.1.2.jar:/root/.m2/repository/io/dropwizard/metrics/metrics-jvm/3.1.2/metrics-jvm-3.1.2.jar:/root/.m2/repository/io/dropwizard/metrics/metrics-json/3.1.2/metrics-json-3.1.2.jar:/root/.m2/repository/io/dropwizard/metrics/metrics-graphite/3.1.2/metrics-graphite-3.1.2.jar:/root/.m2/repository/com/fasterxml/jackson/core/jackson-databind/2.4.4/jackson-databind-2.4.4.jar:/root/.m2/repository/com/fasterxml/jackson/core/jackson-core/2.4.4/jackson-core-2.4.4.jar:/root/.m2/repository/com/fasterxml/jackson/module/jackson-module-scala_2.10/2.4.4/jackson-module-scala_2.10-2.4.4.jar:/root/.m2/repository/com/thoughtworks/paranamer/paranamer/2.6/paranamer-2.6.jar:/root/.m2/repository/org/apache/ivy/ivy/2.4.0/ivy-2.4.0.jar:/root/.m2/repository/oro/oro/2.0.8/oro-2.0.8.jar:/root/.m2/repository/org/tachyonproject/tachyon-client/0.8.2/tachyon-client-0.8.2.jar:/root/.m2/repository/commons-lang/commons-lang/2.6/commons-lang-2.6.jar:/root/.m2/repository/commons-io/commons-io/2.4/commons-io-2.4.jar:/root/.m2/repository/org/tachyonproject/tachyon-underfs-hdfs/0.8.2/tachyon-underfs-hdfs-0.8.2.jar:/root/.m2/repository/org/tachyonproject/tachyon-underfs-s3/0.8.2/tachyon-underfs-s3-0.8.2.jar:/root/.m2/repository/org/tachyonproject/tachyon-underfs-local/0.8.2/tachyon-underfs-local-0.8.2.jar:/root/.m2/repository/net/razorvine/pyrolite/4.9/pyrolite-4.9.jar:/root/.m2/repository/net/sf/py4j/py4j/0.9/py4j-0.9.jar:/root/.m2/repository/org/apache/spark/spark-sql_2.10/1.6.2-SNAPSHOT/spark-sql_2.10-1.6.2-SNAPSHOT.jar:/root/.m2/repository/org/apache/spark/spark-catalyst_2.10/1.6.2-SNAPSHOT/spark-catalyst_2.10-1.6.2-SNAPSHOT.jar:/root/.m2/repository/org/codehaus/janino/janino/2.7.8/janino-2.7.8.jar:/root/.m2/repository/org/codehaus/janino/commons-compiler/2.7.8/commons-compiler-2.7.8.jar:/root/.m2/repository/org/apache/parquet/parquet-column/1.7.0/parquet-column-1.7.0.jar:/root/.m2/repository/org/apache/parquet/parquet-common/1.7.0/parquet-common-1.7.0.jar:/root/.m2/repository/org/apache/parquet/parquet-encoding/1.7.0/parquet-encoding-1.7.0.jar:/root/.m2/repository/org/apache/parquet/parquet-generator/1.7.0/parquet-generator-1.7.0.jar:/root/.m2/repository/org/apache/parquet/parquet-hadoop/1.7.0/parquet-hadoop-1.7.0.jar:/root/.m2/repository/org/apache/parquet/parquet-format/2.3.0-incubating/parquet-format-2.3.0-incubating.jar:/root/.m2/repository/org/apache/parquet/parquet-jackson/1.7.0/parquet-jackson-1.7.0.jar:/root/.m2/repository/org/apache/spark/spark-streaming_2.10/1.6.2-SNAPSHOT/spark-streaming_2.10-1.6.2-SNAPSHOT.jar:/root/.m2/repository/org/scala-lang/scala-library/2.10.5/scala-library-2.10.5.jar:/root/.m2/repository/org/spark-project/spark/unused/1.0.0/unused-1.0.0.jar:/root/.m2/repository/org/scalatest/scalatest_2.10/2.2.1/scalatest_2.10-2.2.1.jar:/root/.m2/repository/org/scala-lang/scala-reflect/2.10.5/scala-reflect-2.10.5.jar:/root/.m2/repository/junit/junit/4.11/junit-4.11.jar:/root/.m2/repository/org/hamcrest/hamcrest-core/1.3/hamcrest-core-1.3.jar:/root/.m2/repository/com/novocode/junit-interface/0.11/junit-interface-0.11.jar:/root/.m2/repository/org/scala-sbt/test-interface/1.0/test-interface-1.0.jar">
</property>
    <property name="java.vm.specification.version" value="1.7"> </property>
    <property name="sun.arch.data.model" value="64"> </property>
    <property name="java.home" value="/usr/lib/jvm/java-7-openjdk-amd64/jre">
    </property>
    <property 
    name="sun.java.command" value="org.scalatest.tools.Runner -R /root/spark/baulindivd/target/scala-2.10/classes /root/spark/baulindivd/target/scala-2.10/test-classes -o -f /root/spark/baulindivd/target/surefire-reports/SparkTestSuite.txt -u /root/spark/baulindivd/target/surefire-reports/.">
</property>
    <property name="java.specification.vendor" value="Oracle Corporation">
    </property>
    <property name="user.language" value="en"> </property>
    <property name="awt.toolkit" value="sun.awt.X11.XToolkit"> </property>
    <property name="java.vm.info" value="mixed mode"> </property>
    <property name="java.version" value="1.7.0_55"> </property>
    <property 
    name="java.ext.dirs" value="/usr/lib/jvm/java-7-openjdk-amd64/jre/lib/ext:/usr/java/packages/lib/ext">
</property>
    <property 
    name="sun.boot.class.path" value="/usr/lib/jvm/java-7-openjdk-amd64/jre/lib/resources.jar:/usr/lib/jvm/java-7-openjdk-amd64/jre/lib/rt.jar:/usr/lib/jvm/java-7-openjdk-amd64/jre/lib/sunrsasign.jar:/usr/lib/jvm/java-7-openjdk-amd64/jre/lib/jsse.jar:/usr/lib/jvm/java-7-openjdk-amd64/jre/lib/jce.jar:/usr/lib/jvm/java-7-openjdk-amd64/jre/lib/charsets.jar:/usr/lib/jvm/java-7-openjdk-amd64/jre/lib/netx.jar:/usr/lib/jvm/java-7-openjdk-amd64/jre/lib/plugin.jar:/usr/lib/jvm/java-7-openjdk-amd64/jre/lib/rhino.jar:/usr/lib/jvm/java-7-openjdk-amd64/jre/lib/jfr.jar:/usr/lib/jvm/java-7-openjdk-amd64/jre/classes">
</property>
    <property name="spark.test.home" value="/root/spark/baulindivd">
    </property>
    <property name="java.vendor" value="Oracle Corporation"> </property>
    <property name="java.awt.headless" value="true"> </property>
    <property name="file.separator" value="/"> </property>
    <property 
    name="java.vendor.url.bug" value="http://bugreport.sun.com/bugreport/">
</property>
    <property name="spark.unsafe.exceptionOnMemoryLeak" value="true">
    </property>
    <property name="sun.cpu.endian" value="little"> </property>
    <property name="sun.io.unicode.encoding" value="UnicodeLittle"> </property>
    <property name="test.src.tables" value="__not_used__"> </property>
    <property name="sun.cpu.isalist" value=""> </property>
  </properties>
  <system-out><![CDATA[]]></system-out>
  <system-err><![CDATA[]]></system-err>
</testsuite>
